<?xml version="1.0" encoding="UTF-8"?>
<testng-results skipped="0" failed="0" ignored="0" total="1" passed="1">
  <reporter-output>
  </reporter-output>
  <suite name="Suite" duration-ms="13296" started-at="2018-11-24T06:25:30Z" finished-at="2018-11-24T06:25:43Z">
    <groups>
    </groups>
    <test name="Mavenxml" duration-ms="13296" started-at="2018-11-24T06:25:30Z" finished-at="2018-11-24T06:25:43Z">
      <class name="MavenPkg.MavenProject.MavenDemo">
        <test-method status="PASS" signature="Open_browser()[pri:0, instance:MavenPkg.MavenProject.MavenDemo@580929]" name="Open_browser" is-config="true" duration-ms="4956" started-at="2018-11-24T06:25:25Z" finished-at="2018-11-24T06:25:30Z">
          <reporter-output>
          </reporter-output>
        </test-method> <!-- Open_browser -->
        <test-method status="PASS" signature="beforeTest()[pri:0, instance:MavenPkg.MavenProject.MavenDemo@580929]" name="beforeTest" is-config="true" duration-ms="5377" started-at="2018-11-24T06:25:30Z" finished-at="2018-11-24T06:25:35Z">
          <reporter-output>
          </reporter-output>
        </test-method> <!-- beforeTest -->
        <test-method status="PASS" signature="Loginwithvaliduser()[pri:0, instance:MavenPkg.MavenProject.MavenDemo@580929]" name="Loginwithvaliduser" duration-ms="7886" started-at="2018-11-24T06:25:35Z" finished-at="2018-11-24T06:25:43Z">
          <reporter-output>
          </reporter-output>
        </test-method> <!-- Loginwithvaliduser -->
      </class> <!-- MavenPkg.MavenProject.MavenDemo -->
    </test> <!-- Mavenxml -->
  </suite> <!-- Suite -->
</testng-results>
