<?xml version="1.0" encoding="UTF-8"?>
<testng-results skipped="0" failed="0" ignored="0" total="1" passed="1">
  <reporter-output>
  </reporter-output>
  <suite name="Default suite" duration-ms="7702" started-at="2018-11-24T05:22:28Z" finished-at="2018-11-24T05:22:35Z">
    <groups>
    </groups>
    <test name="Default test" duration-ms="7702" started-at="2018-11-24T05:22:28Z" finished-at="2018-11-24T05:22:35Z">
      <class name="MavenPkg.MavenProject.MavenDemo">
        <test-method status="PASS" signature="Open_browser()[pri:0, instance:MavenPkg.MavenProject.MavenDemo@320068]" name="Open_browser" is-config="true" duration-ms="3577" started-at="2018-11-24T05:22:24Z" finished-at="2018-11-24T05:22:28Z">
          <reporter-output>
          </reporter-output>
        </test-method> <!-- Open_browser -->
        <test-method status="PASS" signature="beforeTest()[pri:0, instance:MavenPkg.MavenProject.MavenDemo@320068]" name="beforeTest" is-config="true" duration-ms="3647" started-at="2018-11-24T05:22:28Z" finished-at="2018-11-24T05:22:31Z">
          <reporter-output>
          </reporter-output>
        </test-method> <!-- beforeTest -->
        <test-method status="PASS" signature="Loginwithvaliduser()[pri:0, instance:MavenPkg.MavenProject.MavenDemo@320068]" name="Loginwithvaliduser" duration-ms="4004" started-at="2018-11-24T05:22:31Z" finished-at="2018-11-24T05:22:35Z">
          <reporter-output>
          </reporter-output>
        </test-method> <!-- Loginwithvaliduser -->
      </class> <!-- MavenPkg.MavenProject.MavenDemo -->
    </test> <!-- Default test -->
  </suite> <!-- Default suite -->
</testng-results>
